<?xml version="1.0" encoding="UTF-8"?>
<!-- Generated by org.testng.reporters.JUnitXMLReporter -->
<testsuite ignored="0" hostname="Mukeshs-MacBook-Air.local" failures="0" tests="3" name="Default test" time="5.075" errors="0" timestamp="2025-06-06T23:55:12 IST">
  <testcase classname="tests.ProductAPITests" name="createNewProductTest" time="3.409"/>
  <testcase classname="tests.ProductAPITests" name="updateProductTest" time="0.553"/>
  <testcase classname="tests.ProductAPITests" name="deleteProductTest" time="0.309"/>
</testsuite> <!-- Default test -->
