<?xml version="1.0" encoding="UTF-8"?>
<!-- Generated by org.testng.reporters.JUnitXMLReporter -->
<testsuite ignored="0" hostname="Mukeshs-MacBook-Air.local" failures="0" tests="4" name="Test" time="8.142" errors="0" timestamp="2025-06-01T09:34:47 IST">
  <testcase classname="tests.BookingAPITests" name="createNewBookingTest" time="2.297"/>
  <testcase classname="tests.BookingAPITests" name="updateBookingID" time="2.832"/>
  <testcase classname="tests.BookingAPITests" name="deleteBooking" time="1.4"/>
  <testcase classname="tests.BookingAPITests2" name="createNewBookingTest" time="1.305"/>
</testsuite> <!-- Test -->
