<?xml version="1.0" encoding="UTF-8"?>
<testsuite xmlns:xsi="http://www.w3.org/2001/XMLSchema-instance" xsi:noNamespaceSchemaLocation="https://maven.apache.org/surefire/maven-surefire-plugin/xsd/surefire-test-report.xsd" version="3.0.2" name="TestSuite" time="13.592" tests="4" errors="0" skipped="0" failures="0">
  <properties>
[...]
</properties>
  <testcase name="createNewBookingTest" classname="tests.BookingAPITests" time="2.297">
    <system-out><![CDATA[Request method:	POST
Request URI:	https://restful-booker.herokuapp.com/booking
Proxy:			<none>
Request params:	<none>
Query params:	<none>
Form params:	<none>
Path params:	<none>
Headers:		Accept=*/*
				Content-Type=application/json
Cookies:		<none>
Multiparts:		<none>
Body:
{
    "firstname": "Vindhya",
    "lastname": "Sree",
    "totalprice": 500,
    "depositpaid": false,
    "additionalneeds": "Dinner",
    "bookingdates": {
        "checkin": "2018-01-01",
        "checkout": "2019-01-01"
    }
}
HTTP/1.1 200 OK
Content-Length: 198
Content-Type: application/json; charset=utf-8
Date: Sun, 01 Jun 2025 04:04:36 GMT
Etag: W/"c6-HaeD2vfMA72EjKE0VBNa3jcOeRY"
Nel: {"report_to":"heroku-nel","response_headers":["Via"],"max_age":3600,"success_fraction":0.01,"failure_fraction":0.1}
Report-To: {"group":"heroku-nel","endpoints":[{"url":"https://nel.heroku.com/reports?s=a%2BNcegB87H%2BDMhcwJZ3EClCtRojEyC%2FnCuXNToC3tc0%3D\u0026sid=c46efe9b-d3d2-4a0c-8c76-bfafa16c5add\u0026ts=1748750676"}],"max_age":3600}
Reporting-Endpoints: heroku-nel="https://nel.heroku.com/reports?s=a%2BNcegB87H%2BDMhcwJZ3EClCtRojEyC%2FnCuXNToC3tc0%3D&sid=c46efe9b-d3d2-4a0c-8c76-bfafa16c5add&ts=1748750676"
Server: Heroku
Via: 1.1 heroku-router
X-Powered-By: Express

{
    "bookingid": 1562,
    "booking": {
        "firstname": "Vindhya",
        "lastname": "Sree",
        "totalprice": 500,
        "depositpaid": false,
        "bookingdates": {
            "checkin": "2018-01-01",
            "checkout": "2019-01-01"
        },
        "additionalneeds": "Dinner"
    }
}
Booking ID 1562
]]></system-out>
    <system-err><![CDATA[SLF4J(W): No SLF4J providers were found.
SLF4J(W): Defaulting to no-operation (NOP) logger implementation
SLF4J(W): See https://www.slf4j.org/codes.html#noProviders for further details.
]]></system-err>
  </testcase>
  <testcase name="updateBookingID" classname="tests.BookingAPITests" time="2.839">
    <system-out><![CDATA[Request method:	PUT
Request URI:	https://restful-booker.herokuapp.com/booking/1562
Proxy:			<none>
Request params:	<none>
Query params:	<none>
Form params:	<none>
Path params:	id=1562
Headers:		Accept=application/json
				Cookie=token=414a956a4055826
				Content-Type=application/json
Cookies:		<none>
Multiparts:		<none>
Body:
{
    "firstname": "Ramya",
    "lastname": "Sree",
    "totalprice": 500,
    "depositpaid": false,
    "additionalneeds": "Dinner",
    "bookingdates": {
        "checkin": "2018-01-01",
        "checkout": "2019-01-01"
    }
}
HTTP/1.1 200 OK
Content-Length: 167
Content-Type: application/json; charset=utf-8
Date: Sun, 01 Jun 2025 04:04:39 GMT
Etag: W/"a7-c42CXWaLR9GKDtKvZSPQ8wcUAnk"
Nel: {"report_to":"heroku-nel","response_headers":["Via"],"max_age":3600,"success_fraction":0.01,"failure_fraction":0.1}
Report-To: {"group":"heroku-nel","endpoints":[{"url":"https://nel.heroku.com/reports?s=%2BNChFOEGtgY%2BoBy%2Bkvfb19eJR1mmj57tfy20fs2NIE0%3D\u0026sid=c46efe9b-d3d2-4a0c-8c76-bfafa16c5add\u0026ts=1748750679"}],"max_age":3600}
Reporting-Endpoints: heroku-nel="https://nel.heroku.com/reports?s=%2BNChFOEGtgY%2BoBy%2Bkvfb19eJR1mmj57tfy20fs2NIE0%3D&sid=c46efe9b-d3d2-4a0c-8c76-bfafa16c5add&ts=1748750679"
Server: Heroku
Via: 1.1 heroku-router
X-Powered-By: Express

{
    "firstname": "Ramya",
    "lastname": "Sree",
    "totalprice": 500,
    "depositpaid": false,
    "bookingdates": {
        "checkin": "2018-01-01",
        "checkout": "2019-01-01"
    },
    "additionalneeds": "Dinner"
}
]]></system-out>
  </testcase>
  <testcase name="deleteBooking" classname="tests.BookingAPITests" time="1.4">
    <system-out><![CDATA[Request method:	DELETE
Request URI:	https://restful-booker.herokuapp.com/booking/1562
Proxy:			<none>
Request params:	<none>
Query params:	<none>
Form params:	<none>
Path params:	id=1562
Headers:		Cookie=token=414a956a4055826
				Accept=*/*
				Content-Type=application/json
Cookies:		<none>
Multiparts:		<none>
Body:			<none>
]]></system-out>
  </testcase>
  <testcase name="createNewBookingTest" classname="tests.BookingAPITests2" time="1.304">
    <system-out><![CDATA[Request method:	POST
Request URI:	https://restful-booker.herokuapp.com/booking
Proxy:			<none>
Request params:	<none>
Query params:	<none>
Form params:	<none>
Path params:	<none>
Headers:		Accept=*/*
				Content-Type=application/json
Cookies:		<none>
Multiparts:		<none>
Body:
{
    "firstname": "Vindhya",
    "lastname": "Sree",
    "totalprice": 500,
    "depositpaid": false,
    "additionalneeds": "Dinner",
    "bookingdates": {
        "checkin": "2018-01-01",
        "checkout": "2019-01-01"
    }
}
HTTP/1.1 200 OK
Content-Length: 198
Content-Type: application/json; charset=utf-8
Date: Sun, 01 Jun 2025 04:04:42 GMT
Etag: W/"c6-H1EE+/oREaYAGLtIFHW/YJkVIoQ"
Nel: {"report_to":"heroku-nel","response_headers":["Via"],"max_age":3600,"success_fraction":0.01,"failure_fraction":0.1}
Report-To: {"group":"heroku-nel","endpoints":[{"url":"https://nel.heroku.com/reports?s=TFdpr5o9rHWzDyO722WfCagEyS7xM3xuFezsZDx7BwE%3D\u0026sid=c46efe9b-d3d2-4a0c-8c76-bfafa16c5add\u0026ts=1748750682"}],"max_age":3600}
Reporting-Endpoints: heroku-nel="https://nel.heroku.com/reports?s=TFdpr5o9rHWzDyO722WfCagEyS7xM3xuFezsZDx7BwE%3D&sid=c46efe9b-d3d2-4a0c-8c76-bfafa16c5add&ts=1748750682"
Server: Heroku
Via: 1.1 heroku-router
X-Powered-By: Express

{
    "bookingid": 1605,
    "booking": {
        "firstname": "Vindhya",
        "lastname": "Sree",
        "totalprice": 500,
        "depositpaid": false,
        "bookingdates": {
            "checkin": "2018-01-01",
            "checkout": "2019-01-01"
        },
        "additionalneeds": "Dinner"
    }
}
Booking ID 1605
]]></system-out>
  </testcase>
</testsuite>